<?xml version="1.0" encoding="UTF-8"?>
<!-- Generated by org.testng.reporters.JUnitReportReporter -->
<testsuite skipped="0" hostname="DESKTOP-8933E9J" name="qamacmon.MavenJavaProject.SeleniumTest" tests="5" failures="0" timestamp="2022-05-12T13:54:20 MESZ" time="11.167" errors="0">
  <testcase name="ValidMAC" time="1.861" classname="qamacmon.MavenJavaProject.SeleniumTest"/>
  <system-out/>
  <testcase name="InvalidMAC" time="1.844" classname="qamacmon.MavenJavaProject.SeleniumTest"/>
  <system-out/>
  <testcase name="InvalidMAC" time="3.716" classname="qamacmon.MavenJavaProject.SeleniumTest"/>
  <system-out/>
  <testcase name="ValidMAC" time="1.846" classname="qamacmon.MavenJavaProject.SeleniumTest"/>
  <system-out/>
  <testcase name="ValidMAC" time="1.900" classname="qamacmon.MavenJavaProject.SeleniumTest"/>
  <system-out/>
</testsuite> <!-- qamacmon.MavenJavaProject.SeleniumTest -->
