<?xml version="1.0" encoding="UTF-8"?>
<!-- Generated by org.testng.reporters.JUnitReportReporter -->
<testsuite skipped="0" hostname="DESKTOP-8933E9J" name="qamacmon.MavenJavaProject.SeleniumTest" tests="1" failures="0" timestamp="2022-05-12T12:12:40 MESZ" time="0.010" errors="0">
  <testcase name="ValidateMAC" time="0.010" classname="qamacmon.MavenJavaProject.SeleniumTest"/>
  <system-out/>
</testsuite> <!-- qamacmon.MavenJavaProject.SeleniumTest -->
